<?xml version="1.0" encoding="UTF-8"?>
<!-- Generated by org.testng.reporters.JUnitReportReporter -->
<testsuite skipped="0" hostname="DESKTOP-S9AKGNU" name="testcases.TC003LoginTest" tests="2" failures="0" timestamp="2022-02-11T10:16:29 EST" time="3.418" errors="0">
  <testcase name="verifyInvalidLogin" time="1.875" classname="testcases.TC003LoginTest"/>
  <system-out/>
  <testcase name="verifyLogin" time="1.543" classname="testcases.TC003LoginTest"/>
  <system-out/>
</testsuite> <!-- testcases.TC003LoginTest -->
