<?xml version="1.0" encoding="UTF-8"?>
<!-- Generated by org.testng.reporters.JUnitReportReporter -->
<testsuite skipped="0" hostname="DESKTOP-S9AKGNU" name="testcases.TC004AddCart" tests="1" failures="0" timestamp="2022-02-11T10:16:56 EST" time="5.976" errors="0">
  <testcase name="AddToCart" time="5.976" classname="testcases.TC004AddCart"/>
  <system-out/>
</testsuite> <!-- testcases.TC004AddCart -->
