<?xml version="1.0" encoding="UTF-8"?>
<!-- Generated by org.testng.reporters.JUnitReportReporter -->
<testsuite skipped="0" hostname="DESKTOP-S9AKGNU" name="testcases.TC001Register" tests="1" failures="0" timestamp="2022-02-11T10:16:10 EST" time="2.229" errors="0">
  <testcase name="registerUser" time="2.229" classname="testcases.TC001Register"/>
  <system-out/>
</testsuite> <!-- testcases.TC001Register -->
