<?xml version="1.0" encoding="UTF-8"?>
<!-- Generated by org.testng.reporters.JUnitReportReporter -->
<testsuite skipped="0" hostname="DESKTOP-S9AKGNU" name="testcases.TC002Login" tests="2" failures="0" timestamp="2022-02-10T09:47:02 EST" time="2.424" errors="0">
  <testcase name="verifyLogin" time="1.256" classname="testcases.TC002Login"/>
  <system-out/>
  <testcase name="verifyInvalidLogin" time="1.168" classname="testcases.TC002Login"/>
  <system-out/>
</testsuite> <!-- testcases.TC002Login -->
