<?xml version="1.0" encoding="UTF-8"?>
<!-- Generated by org.testng.reporters.JUnitReportReporter -->
<testsuite skipped="0" hostname="DESKTOP-S9AKGNU" name="testcases.TC005BrowseProduct" tests="1" failures="0" timestamp="2022-02-10T11:50:34 EST" time="2.316" errors="0">
  <testcase name="browseProduct" time="2.316" classname="testcases.TC005BrowseProduct"/>
  <system-out/>
</testsuite> <!-- testcases.TC005BrowseProduct -->
