<?xml version="1.0" encoding="UTF-8"?>
<!-- Generated by org.testng.reporters.JUnitReportReporter -->
<testsuite skipped="0" hostname="DESKTOP-S9AKGNU" name="testcases.TC003LoginTest" tests="2" failures="0" timestamp="2022-02-10T18:11:06 EST" time="3.044" errors="0">
  <testcase name="verifyLogin" time="1.812" classname="testcases.TC003LoginTest"/>
  <system-out/>
  <testcase name="verifyInvalidLogin" time="1.232" classname="testcases.TC003LoginTest"/>
  <system-out/>
</testsuite> <!-- testcases.TC003LoginTest -->
