<?xml version="1.0" encoding="UTF-8"?>
<!-- Generated by org.testng.reporters.JUnitReportReporter -->
<testsuite skipped="0" hostname="DESKTOP-S9AKGNU" name="testcases.TC002Register" tests="2" failures="0" timestamp="2022-02-08T16:45:49 EST" time="11.551" errors="0">
  <testcase name="verifyRegister" time="9.723" classname="testcases.TC002Register"/>
  <system-out/>
  <testcase name="verifyRegister1" time="1.828" classname="testcases.TC002Register"/>
  <system-out/>
</testsuite> <!-- testcases.TC002Register -->
